{"numTotalTestSuites":9,"numPassedTestSuites":7,"numFailedTestSuites":2,"numPendingTestSuites":0,"numTotalTests":25,"numPassedTests":24,"numFailedTests":1,"numPendingTests":0,"numTodoTests":0,"snapshot":{"added":0,"failure":false,"filesAdded":0,"filesRemoved":0,"filesRemovedList":[],"filesUnmatched":0,"filesUpdated":0,"matched":0,"total":0,"unchecked":0,"uncheckedKeysByFile":[],"unmatched":0,"updated":0,"didUpdate":false},"startTime":1767575088203,"success":false,"testResults":[{"assertionResults":[{"ancestorTitles":["formatSequence"],"fullName":"formatSequence ?レ옄留??④린怨??쒓굅","status":"passed","title":"?レ옄留??④린怨??쒓굅","duration":1.2041999999999007,"failureMessages":[],"meta":{}},{"ancestorTitles":["formatSequence"],"fullName":"formatSequence 理쒕? 6?먮━源뚯?留??덉슜","status":"passed","title":"理쒕? 6?먮━源뚯?留??덉슜","duration":0.17480000000000473,"failureMessages":[],"meta":{}},{"ancestorTitles":["formatSequence"],"fullName":"formatSequence 鍮?臾몄옄??泥섎━","status":"passed","title":"鍮?臾몄옄??泥섎━","duration":0.10740000000009786,"failureMessages":[],"meta":{}},{"ancestorTitles":["buildQuoteNo"],"fullName":"buildQuoteNo ?뺤긽?곸씤 寃ъ쟻踰덊샇 ?앹꽦","status":"passed","title":"?뺤긽?곸씤 寃ъ쟻踰덊샇 ?앹꽦","duration":0.14990000000011605,"failureMessages":[],"meta":{}},{"ancestorTitles":["buildQuoteNo"],"fullName":"buildQuoteNo ?대땲?쒖씠 鍮꾩뼱?덉쑝硫?AA濡??泥?,"status":"passed","title":"?대땲?쒖씠 鍮꾩뼱?덉쑝硫?AA濡??泥?,"duration":0.08740000000011605,"failureMessages":[],"meta":{}},{"ancestorTitles":["buildQuoteNo"],"fullName":"buildQuoteNo ?대땲?쒖쓣 ?臾몄옄濡?蹂??,"status":"passed","title":"?대땲?쒖쓣 ?臾몄옄濡?蹂??,"duration":0.10809999999992215,"failureMessages":[],"meta":{}},{"ancestorTitles":["buildQuoteNo"],"fullName":"buildQuoteNo ?좎쭨 ?뺤떇?먯꽌 ?섏씠???쒓굅","status":"passed","title":"?좎쭨 ?뺤떇?먯꽌 ?섏씠???쒓굅","duration":0.17589999999995598,"failureMessages":[],"meta":{}},{"ancestorTitles":["calculateQuote"],"fullName":"calculateQuote ?뺤긽?곸씤 ?⑷퀎 怨꾩궛","status":"passed","title":"?뺤긽?곸씤 ?⑷퀎 怨꾩궛","duration":0.4434999999998581,"failureMessages":[],"meta":{}},{"ancestorTitles":["calculateQuote"],"fullName":"calculateQuote ?좎씤???곸슜","status":"failed","title":"?좎씤???곸슜","duration":5.381099999999833,"failureMessages":["AssertionError: expected 30.000000000000004 to be 30 // Object.is equality\n    at C:/eformsign-寃ъ쟻??鍮뚮뜑/src/hooks/useQuote.test.ts:99:41\n    at file:///C:/eformsign-%EA%B2%AC%EC%A0%81%EC%84%9C-%EB%B9%8C%EB%8D%94/node_modules/@vitest/runner/dist/index.js:157:11\n    at file:///C:/eformsign-%EA%B2%AC%EC%A0%81%EC%84%9C-%EB%B9%8C%EB%8D%94/node_modules/@vitest/runner/dist/index.js:753:26\n    at file:///C:/eformsign-%EA%B2%AC%EC%A0%81%EC%84%9C-%EB%B9%8C%EB%8D%94/node_modules/@vitest/runner/dist/index.js:1636:20\n    at new Promise (<anonymous>)\n    at runWithTimeout (file:///C:/eformsign-%EA%B2%AC%EC%A0%81%EC%84%9C-%EB%B9%8C%EB%8D%94/node_modules/@vitest/runner/dist/index.js:1602:10)\n    at runTest (file:///C:/eformsign-%EA%B2%AC%EC%A0%81%EC%84%9C-%EB%B9%8C%EB%8D%94/node_modules/@vitest/runner/dist/index.js:1309:12)\n    at processTicksAndRejections (node:internal/process/task_queues:105:5)\n    at runSuite (file:///C:/eformsign-%EA%B2%AC%EC%A0%81%EC%84%9C-%EB%B9%8C%EB%8D%94/node_modules/@vitest/runner/dist/index.js:1468:8)\n    at runSuite (file:///C:/eformsign-%EA%B2%AC%EC%A0%81%EC%84%9C-%EB%B9%8C%EB%8D%94/node_modules/@vitest/runner/dist/index.js:1468:8)"],"meta":{}},{"ancestorTitles":["calculateQuote"],"fullName":"calculateQuote 鍮???ぉ 諛곗뿴 泥섎━","status":"passed","title":"鍮???ぉ 諛곗뿴 泥섎━","duration":0.17380000000002838,"failureMessages":[],"meta":{}},{"ancestorTitles":["calculateQuote"],"fullName":"calculateQuote VAT 怨꾩궛 (0%)","status":"passed","title":"VAT 怨꾩궛 (0%)","duration":0.11439999999993233,"failureMessages":[],"meta":{}},{"ancestorTitles":["createDefaultMeta"],"fullName":"createDefaultMeta 湲곕낯 硫뷀? ?곗씠???앹꽦","status":"passed","title":"湲곕낯 硫뷀? ?곗씠???앹꽦","duration":0.42259999999987485,"failureMessages":[],"meta":{}},{"ancestorTitles":["createDefaultMeta"],"fullName":"createDefaultMeta 李멸퀬?ы빆 湲곕낯媛??ы븿","status":"passed","title":"李멸퀬?ы빆 湲곕낯媛??ы븿","duration":0.38010000000008404,"failureMessages":[],"meta":{}}],"startTime":1767575089266,"endTime":1767575089275.3801,"status":"failed","message":"","name":"C:/eformsign-寃ъ쟻??鍮뚮뜑/src/hooks/useQuote.test.ts"},{"assertionResults":[{"ancestorTitles":["parseNum"],"fullName":"parseNum ?レ옄 臾몄옄?댁쓣 ?뚯떛","status":"passed","title":"?レ옄 臾몄옄?댁쓣 ?뚯떛","duration":1.131399999999985,"failureMessages":[],"meta":{}},{"ancestorTitles":["parseNum"],"fullName":"parseNum ?レ옄 ??낆? 洹몃?濡?諛섑솚","status":"passed","title":"?レ옄 ??낆? 洹몃?濡?諛섑솚","duration":0.27930000000003474,"failureMessages":[],"meta":{}},{"ancestorTitles":["parseNum"],"fullName":"parseNum NaN?대㈃ 0 諛섑솚","status":"passed","title":"NaN?대㈃ 0 諛섑솚","duration":0.2379999999999427,"failureMessages":[],"meta":{}},{"ancestorTitles":["clamp"],"fullName":"clamp 踰붿쐞 ??媛믪? 洹몃?濡?諛섑솚","status":"passed","title":"踰붿쐞 ??媛믪? 洹몃?濡?諛섑솚","duration":0.14350000000001728,"failureMessages":[],"meta":{}},{"ancestorTitles":["clamp"],"fullName":"clamp 理쒖넖媛믩낫???묒쑝硫?理쒖넖媛?諛섑솚","status":"passed","title":"理쒖넖媛믩낫???묒쑝硫?理쒖넖媛?諛섑솚","duration":0.08959999999990487,"failureMessages":[],"meta":{}},{"ancestorTitles":["clamp"],"fullName":"clamp 理쒕뙎媛믩낫???щ㈃ 理쒕뙎媛?諛섑솚","status":"passed","title":"理쒕뙎媛믩낫???щ㈃ 理쒕뙎媛?諛섑솚","duration":0.16269999999997253,"failureMessages":[],"meta":{}},{"ancestorTitles":["clamp"],"fullName":"clamp ?뚯닔 踰붿쐞??泥섎━","status":"passed","title":"?뚯닔 踰붿쐞??泥섎━","duration":0.16640000000006694,"failureMessages":[],"meta":{}},{"ancestorTitles":["safeParse"],"fullName":"safeParse ?좏슚??JSON ?뚯떛","status":"passed","title":"?좏슚??JSON ?뚯떛","duration":0.6968000000000529,"failureMessages":[],"meta":{}},{"ancestorTitles":["safeParse"],"fullName":"safeParse null?대굹 鍮?臾몄옄?댁? fallback 諛섑솚","status":"passed","title":"null?대굹 鍮?臾몄옄?댁? fallback 諛섑솚","duration":0.44429999999999836,"failureMessages":[],"meta":{}},{"ancestorTitles":["safeParse"],"fullName":"safeParse ?섎せ??JSON? fallback 諛섑솚","status":"passed","title":"?섎せ??JSON? fallback 諛섑솚","duration":0.35760000000004766,"failureMessages":[],"meta":{}},{"ancestorTitles":["safeParse"],"fullName":"safeParse URL ?몄퐫?⑸맂 JSON 泥섎━","status":"passed","title":"URL ?몄퐫?⑸맂 JSON 泥섎━","duration":0.14730000000008658,"failureMessages":[],"meta":{}},{"ancestorTitles":["safeParse"],"fullName":"safeParse ?쇱꽱??湲고샇媛 ?덉?留??좏슚??JSON???꾨땶 寃쎌슦","status":"passed","title":"?쇱꽱??湲고샇媛 ?덉?留??좏슚??JSON???꾨땶 寃쎌슦","duration":0.09840000000008331,"failureMessages":[],"meta":{}}],"startTime":1767575089215,"endTime":1767575089219.3577,"status":"passed","message":"","name":"C:/eformsign-寃ъ쟻??鍮뚮뜑/src/utils/helpers.test.ts"}]}
